<?xml version="1.0" encoding="UTF-8"?>
<testng-results ignored="0" total="2" passed="2" failed="0" skipped="0">
  <reporter-output>
  </reporter-output>
  <suite started-at="2018-05-06T23:53:04Z" name="Suite" finished-at="2018-05-06T23:53:16Z" duration-ms="12292">
    <groups>
      <group name="cucumber">
        <method signature="AbstractTestNGCucumberTests.feature(cucumber.api.testng.CucumberFeatureWrapper)[pri:0, instance:TestRunner.TC01_Login@6e509ffa]" name="feature" class="cucumber.api.testng.AbstractTestNGCucumberTests"/>
        <method signature="AbstractTestNGCucumberTests.feature(cucumber.api.testng.CucumberFeatureWrapper)[pri:0, instance:TestRunner.TC02_Login@2898ac89]" name="feature" class="cucumber.api.testng.AbstractTestNGCucumberTests"/>
      </group> <!-- cucumber -->
    </groups>
    <test started-at="2018-05-06T23:53:04Z" name="Test" finished-at="2018-05-06T23:53:16Z" duration-ms="12292">
      <class name="TestRunner.TC01_Login">
        <test-method is-config="true" signature="setUpClass()[pri:0, instance:TestRunner.TC01_Login@6e509ffa]" started-at="2018-05-06T19:53:04Z" name="setUpClass" finished-at="2018-05-06T19:53:04Z" duration-ms="304" status="PASS">
          <reporter-output>
          </reporter-output>
        </test-method> <!-- setUpClass -->
        <test-method signature="feature(cucumber.api.testng.CucumberFeatureWrapper)[pri:0, instance:TestRunner.TC01_Login@6e509ffa]" started-at="2018-05-06T19:53:05Z" name="feature" description="Runs Cucumber Feature" data-provider="features" finished-at="2018-05-06T19:53:13Z" duration-ms="8848" status="PASS">
          <params>
            <param index="0">
              <value>
                <![CDATA[Admin login to HRM homepage]]>
              </value>
            </param>
          </params>
          <reporter-output>
          </reporter-output>
        </test-method> <!-- feature -->
        <test-method is-config="true" signature="tearDownClass()[pri:0, instance:TestRunner.TC01_Login@6e509ffa]" started-at="2018-05-06T19:53:13Z" name="tearDownClass" finished-at="2018-05-06T19:53:13Z" duration-ms="4" status="PASS">
          <reporter-output>
          </reporter-output>
        </test-method> <!-- tearDownClass -->
      </class> <!-- TestRunner.TC01_Login -->
      <class name="TestRunner.TC02_Login">
        <test-method is-config="true" signature="setUpClass()[pri:0, instance:TestRunner.TC02_Login@2898ac89]" started-at="2018-05-06T19:53:13Z" name="setUpClass" finished-at="2018-05-06T19:53:13Z" duration-ms="41" status="PASS">
          <reporter-output>
          </reporter-output>
        </test-method> <!-- setUpClass -->
        <test-method signature="feature(cucumber.api.testng.CucumberFeatureWrapper)[pri:0, instance:TestRunner.TC02_Login@2898ac89]" started-at="2018-05-06T19:53:13Z" name="feature" description="Runs Cucumber Feature" data-provider="features" finished-at="2018-05-06T19:53:16Z" duration-ms="2958" status="PASS">
          <params>
            <param index="0">
              <value>
                <![CDATA[Adminlogin to HRM homepage]]>
              </value>
            </param>
          </params>
          <reporter-output>
          </reporter-output>
        </test-method> <!-- feature -->
        <test-method is-config="true" signature="tearDownClass()[pri:0, instance:TestRunner.TC02_Login@2898ac89]" started-at="2018-05-06T19:53:16Z" name="tearDownClass" finished-at="2018-05-06T19:53:16Z" duration-ms="2" status="PASS">
          <reporter-output>
          </reporter-output>
        </test-method> <!-- tearDownClass -->
      </class> <!-- TestRunner.TC02_Login -->
    </test> <!-- Test -->
  </suite> <!-- Suite -->
</testng-results>
