<?xml version="1.0" encoding="UTF-8"?>
<testng-results skipped="0" failed="0" ignored="0" total="1" passed="1">
  <reporter-output>
  </reporter-output>
  <suite name="Default suite" duration-ms="4444" started-at="2018-05-12T22:34:09Z" finished-at="2018-05-12T22:34:14Z">
    <groups>
      <group name="cucumber">
        <method signature="AbstractTestNGCucumberTests.feature(cucumber.api.testng.CucumberFeatureWrapper)[pri:0, instance:TestRunner.TC02_Login@6d4b1c02]" name="feature" class="cucumber.api.testng.AbstractTestNGCucumberTests"/>
      </group> <!-- cucumber -->
    </groups>
    <test name="Default test" duration-ms="4444" started-at="2018-05-12T22:34:09Z" finished-at="2018-05-12T22:34:14Z">
      <class name="TestRunner.TC02_Login">
        <test-method status="PASS" signature="setUpClass()[pri:0, instance:TestRunner.TC02_Login@6d4b1c02]" name="setUpClass" is-config="true" duration-ms="192" started-at="2018-05-12T18:34:09Z" finished-at="2018-05-12T18:34:10Z">
          <reporter-output>
          </reporter-output>
        </test-method> <!-- setUpClass -->
        <test-method status="PASS" signature="feature(cucumber.api.testng.CucumberFeatureWrapper)[pri:0, instance:TestRunner.TC02_Login@6d4b1c02]" name="feature" duration-ms="4143" started-at="2018-05-12T18:34:10Z" description="Runs Cucumber Feature" data-provider="features" finished-at="2018-05-12T18:34:14Z">
          <params>
            <param index="0">
              <value>
                <![CDATA[Adminlogin to HRM homepage]]>
              </value>
            </param>
          </params>
          <reporter-output>
          </reporter-output>
        </test-method> <!-- feature -->
        <test-method status="PASS" signature="tearDownClass()[pri:0, instance:TestRunner.TC02_Login@6d4b1c02]" name="tearDownClass" is-config="true" duration-ms="13" started-at="2018-05-12T18:34:14Z" finished-at="2018-05-12T18:34:14Z">
          <reporter-output>
          </reporter-output>
        </test-method> <!-- tearDownClass -->
      </class> <!-- TestRunner.TC02_Login -->
    </test> <!-- Default test -->
  </suite> <!-- Default suite -->
</testng-results>
